<?xml version="1.0" encoding="UTF-8"?>
<robot generator="Robot 7.2 (Python 3.13.2 on win32)" generated="2025-02-10T19:31:32.457983" rpa="false" schemaversion="5">
<suite id="s1" name="Crm" source="C:\Deveploment\robot-scripts\Script2\tests\crm.robot">
<test id="s1-t1" name="Should be able to add new customer" line="9">
<kw name="Set Selenium Speed" owner="SeleniumLibrary">
<arg>.2s</arg>
<doc>Sets the delay that is waited after each Selenium command.</doc>
<status status="PASS" start="2025-02-10T19:31:32.692800" elapsed="0.000197"/>
</kw>
<kw name="Set Selenium Timeout" owner="SeleniumLibrary">
<arg>10s</arg>
<doc>Sets the timeout that is used by various keywords.</doc>
<status status="PASS" start="2025-02-10T19:31:32.693166" elapsed="0.000124"/>
</kw>
<kw name="Log" owner="BuiltIn">
<msg time="2025-02-10T19:31:32.693489" level="INFO">Starting the test Case!</msg>
<arg>Starting the test Case!</arg>
<doc>Logs the given message with the given level.</doc>
<status status="PASS" start="2025-02-10T19:31:32.693413" elapsed="0.000114"/>
</kw>
<kw name="Open Browser" owner="SeleniumLibrary">
<msg time="2025-02-10T19:31:32.693748" level="INFO">Opening browser 'firefox' to base url 'https://automationplayground.com/crm/'.</msg>
<arg>https://automationplayground.com/crm/</arg>
<doc>Opens a new browser instance to the optional ``url``.</doc>
<status status="PASS" start="2025-02-10T19:31:32.693647" elapsed="7.053271"/>
</kw>
<kw name="Click Link" owner="SeleniumLibrary">
<msg time="2025-02-10T19:31:39.747759" level="INFO">Clicking link 'id=SignIn'.</msg>
<arg>id=SignIn</arg>
<doc>Clicks a link identified by ``locator``.</doc>
<status status="PASS" start="2025-02-10T19:31:39.747319" elapsed="1.323503"/>
</kw>
<kw name="Page Should Contain" owner="SeleniumLibrary">
<msg time="2025-02-10T19:31:41.476810" level="INFO">Current page contains text 'Login'.</msg>
<arg>Login</arg>
<doc>Verifies that current page contains ``text``.</doc>
<status status="PASS" start="2025-02-10T19:31:41.071130" elapsed="0.405816"/>
</kw>
<kw name="Input Text" owner="SeleniumLibrary">
<msg time="2025-02-10T19:31:41.477449" level="INFO">Typing text 'Admin@robotframeworktutorial.com' into text field 'id=email-id'.</msg>
<arg>id=email-id</arg>
<arg>Admin@robotframeworktutorial.com</arg>
<doc>Types the given ``text`` into the text field identified by ``locator``.</doc>
<status status="PASS" start="2025-02-10T19:31:41.477233" elapsed="0.645246"/>
</kw>
<kw name="Input Text" owner="SeleniumLibrary">
<msg time="2025-02-10T19:31:42.123006" level="INFO">Typing text 'qwe' into text field 'id=password'.</msg>
<arg>id=password</arg>
<arg>qwe</arg>
<doc>Types the given ``text`` into the text field identified by ``locator``.</doc>
<status status="PASS" start="2025-02-10T19:31:42.122818" elapsed="0.613438"/>
</kw>
<kw name="Click Button" owner="SeleniumLibrary">
<msg time="2025-02-10T19:31:42.736699" level="INFO">Clicking button 'id=submit-id'.</msg>
<arg>id=submit-id</arg>
<doc>Clicks the button identified by ``locator``.</doc>
<status status="PASS" start="2025-02-10T19:31:42.736527" elapsed="1.312910"/>
</kw>
<kw name="Page Should Contain" owner="SeleniumLibrary">
<msg time="2025-02-10T19:31:44.454992" level="INFO">Current page contains text 'Our Happy Customers'.</msg>
<arg>Our Happy Customers</arg>
<doc>Verifies that current page contains ``text``.</doc>
<status status="PASS" start="2025-02-10T19:31:44.049784" elapsed="0.405356"/>
</kw>
<kw name="Click Link" owner="SeleniumLibrary">
<msg time="2025-02-10T19:31:44.455657" level="INFO">Clicking link 'new-customer'.</msg>
<arg>new-customer</arg>
<doc>Clicks a link identified by ``locator``.</doc>
<status status="PASS" start="2025-02-10T19:31:44.455452" elapsed="0.925463"/>
</kw>
<kw name="Page Should Contain" owner="SeleniumLibrary">
<msg time="2025-02-10T19:31:45.786759" level="INFO">Current page contains text 'Add Customer'.</msg>
<arg>Add Customer</arg>
<doc>Verifies that current page contains ``text``.</doc>
<status status="PASS" start="2025-02-10T19:31:45.381242" elapsed="0.405646"/>
</kw>
<kw name="Input Text" owner="SeleniumLibrary">
<msg time="2025-02-10T19:31:45.787343" level="INFO">Typing text 'Jane@gmail.com' into text field 'id=EmailAddress'.</msg>
<arg>id=EmailAddress</arg>
<arg>Jane@gmail.com</arg>
<doc>Types the given ``text`` into the text field identified by ``locator``.</doc>
<status status="PASS" start="2025-02-10T19:31:45.787152" elapsed="0.633978"/>
</kw>
<kw name="Input Text" owner="SeleniumLibrary">
<msg time="2025-02-10T19:31:46.421634" level="INFO">Typing text 'Jane' into text field 'id=FirstName'.</msg>
<arg>id=FirstName</arg>
<arg>Jane</arg>
<doc>Types the given ``text`` into the text field identified by ``locator``.</doc>
<status status="PASS" start="2025-02-10T19:31:46.421440" elapsed="0.614958"/>
</kw>
<kw name="Input Text" owner="SeleniumLibrary">
<msg time="2025-02-10T19:31:47.036930" level="INFO">Typing text 'Doe' into text field 'id=LastName'.</msg>
<arg>id=LastName</arg>
<arg>Doe</arg>
<doc>Types the given ``text`` into the text field identified by ``locator``.</doc>
<status status="PASS" start="2025-02-10T19:31:47.036714" elapsed="0.614432"/>
</kw>
<kw name="Input Text" owner="SeleniumLibrary">
<msg time="2025-02-10T19:31:47.651646" level="INFO">Typing text 'Dallas' into text field 'id=City'.</msg>
<arg>id=City</arg>
<arg>Dallas</arg>
<doc>Types the given ``text`` into the text field identified by ``locator``.</doc>
<status status="PASS" start="2025-02-10T19:31:47.651449" elapsed="0.614281"/>
</kw>
<kw name="Select From List By Value" owner="SeleniumLibrary">
<msg time="2025-02-10T19:31:48.266270" level="INFO">Selecting options from selection list 'id=StateOrRegion' by value TX.</msg>
<arg>id=StateOrRegion</arg>
<arg>TX</arg>
<doc>Selects options from selection list ``locator`` by ``values``.</doc>
<status status="PASS" start="2025-02-10T19:31:48.266053" elapsed="1.826568"/>
</kw>
<kw name="Select Radio Button" owner="SeleniumLibrary">
<msg time="2025-02-10T19:31:50.093118" level="INFO">Selecting 'female' from radio button 'gender'.</msg>
<arg>gender</arg>
<arg>female</arg>
<doc>Sets the radio button group ``group_name`` to ``value``.</doc>
<status status="PASS" start="2025-02-10T19:31:50.092973" elapsed="0.812171"/>
</kw>
<kw name="Select Checkbox" owner="SeleniumLibrary">
<msg time="2025-02-10T19:31:50.905648" level="INFO">Selecting checkbox 'name=promos-name'.</msg>
<arg>name=promos-name</arg>
<doc>Selects the checkbox identified by ``locator``.</doc>
<status status="PASS" start="2025-02-10T19:31:50.905453" elapsed="1.223075"/>
</kw>
<kw name="Click Button" owner="SeleniumLibrary">
<msg time="2025-02-10T19:31:52.129005" level="INFO">Clicking button 'Submit'.</msg>
<arg>Submit</arg>
<doc>Clicks the button identified by ``locator``.</doc>
<status status="PASS" start="2025-02-10T19:31:52.128820" elapsed="0.999819"/>
</kw>
<kw name="Wait Until Page Contains" owner="SeleniumLibrary">
<arg>Success! New customer added.</arg>
<doc>Waits until ``text`` appears on the current page.</doc>
<status status="PASS" start="2025-02-10T19:31:53.128959" elapsed="0.202623"/>
</kw>
<kw name="Sleep" owner="BuiltIn">
<msg time="2025-02-10T19:31:56.332213" level="INFO">Slept 3 seconds.</msg>
<arg>3s</arg>
<doc>Pauses the test executed for the given time.</doc>
<status status="PASS" start="2025-02-10T19:31:53.331884" elapsed="3.000452"/>
</kw>
<kw name="Close All Browsers" owner="SeleniumLibrary">
<doc>Closes all open browsers and resets the browser cache.</doc>
<status status="PASS" start="2025-02-10T19:31:56.332604" elapsed="2.911974"/>
</kw>
<doc>This is some basic info of the test</doc>
<tag>1006</tag>
<tag>Contacts</tag>
<tag>Smoke</tag>
<status status="PASS" start="2025-02-10T19:31:32.691906" elapsed="26.552923"/>
</test>
<status status="PASS" start="2025-02-10T19:31:32.459286" elapsed="26.786064"/>
</suite>
<statistics>
<total>
<stat pass="1" fail="0" skip="0">All Tests</stat>
</total>
<tag>
<stat pass="1" fail="0" skip="0">1006</stat>
<stat pass="1" fail="0" skip="0">Contacts</stat>
<stat pass="1" fail="0" skip="0">Smoke</stat>
</tag>
<suite>
<stat name="Crm" id="s1" pass="1" fail="0" skip="0">Crm</stat>
</suite>
</statistics>
<errors>
</errors>
</robot>
